<?xml version="1.0" encoding="UTF-8"?>
<!-- Generated by org.testng.reporters.JUnitReportReporter -->
<testsuite hostname="DESKTOP-7IV4I9T" failures="0" tests="1" name="TestNg_framework.WatchList_functionality" time="15.444" errors="0" timestamp="2023-01-21T12:31:31 IST" skipped="0">
  <testcase classname="TestNg_framework.WatchList_functionality" name="search_text_Test" time="15.444"/>
  <system-out/>
</testsuite> <!-- TestNg_framework.WatchList_functionality -->
