<?xml version="1.0" encoding="UTF-8"?>
<!-- Generated by org.testng.reporters.JUnitReportReporter -->
<testsuite hostname="DESKTOP-7IV4I9T" failures="0" tests="1" name="TestNg_framework.WatchList_functionality" time="7.979" errors="0" timestamp="2023-01-22T22:47:28 IST" skipped="0">
  <testcase classname="TestNg_framework.WatchList_functionality" name="login_button_Test" time="7.979"/>
  <system-out/>
</testsuite> <!-- TestNg_framework.WatchList_functionality -->
